app/build/outputs/logs/manifest-merger-debug-report.txt
-- Merging decision tree log ---
manifest
ADDED from src\main\AndroidManifest.xml:2:1-347:12
INJECTED from src\main\AndroidManifest.xml:2:1-347:12
INJECTED from src\main\AndroidManifest.xml:2:1-347:12
INJECTED from src\main\AndroidManifest.xml:2:1-347:12
MERGED from [com.squareup.leakcanary:leakcanary-android:1.5.4] AndroidManifest.xml:17:1-61:12
MERGED from [com.squareup.leakcanary:leakcanary-analyzer:1.5.4] AndroidManifest.xml:17:1-25:12
INJECTED from src\main\AndroidManifest.xml:2:1-347:12
INJECTED from src\main\AndroidManifest.xml:2:1-347:12
INJECTED from src\main\AndroidManifest.xml:2:1-347:12
	package
		ADDED from src\main\AndroidManifest.xml:3:11-37
		INJECTED from src\main\AndroidManifest.xml
		INJECTED from src\main\AndroidManifest.xml
	android:sharedUserId
		ADDED from src\main\AndroidManifest.xml:4:11-51
	android:versionName
		ADDED from src\main\AndroidManifest.xml:6:11-36
		INJECTED from src\main\AndroidManifest.xml
		INJECTED from src\main\AndroidManifest.xml
	xmlns:android
		ADDED from src\main\AndroidManifest.xml:2:11-69
	android:versionCode
		ADDED from src\main\AndroidManifest.xml:5:11-34
		INJECTED from src\main\AndroidManifest.xml
		INJECTED from src\main\AndroidManifest.xml
uses-sdk
ADDED from src\main\AndroidManifest.xml:8:5-9:37
MERGED from [com.squareup.leakcanary:leakcanary-android:1.5.4] AndroidManifest.xml:20:5-44
MERGED from [com.squareup.leakcanary:leakcanary-android:1.5.4] AndroidManifest.xml:20:5-44
MERGED from [com.squareup.leakcanary:leakcanary-analyzer:1.5.4] AndroidManifest.xml:21:5-44
MERGED from [com.squareup.leakcanary:leakcanary-analyzer:1.5.4] AndroidManifest.xml:21:5-44
	android:minSdkVersion
		ADDED from src\main\AndroidManifest.xml:9:9-35
uses-permission#android.permission.ACCESS_FINE_LOCATION
ADDED from src\main\AndroidManifest.xml:11:5-78
	android:name
		ADDED from src\main\AndroidManifest.xml:11:22-76
uses-permission#android.permission.ACCESS_LOCATION_EXTRA_COMMANDS
ADDED from src\main\AndroidManifest.xml:12:5-88
	android:name
		ADDED from src\main\AndroidManifest.xml:12:22-86
uses-permission#android.permission.WAKE_LOCK
ADDED from src\main\AndroidManifest.xml:13:5-67
	android:name
		ADDED from src\main\AndroidManifest.xml:13:22-65
uses-permission#android.permission.ACCESS_NETWORK_STATE
ADDED from src\main\AndroidManifest.xml:14:5-78
	android:name
		ADDED from src\main\AndroidManifest.xml:14:22-76
uses-permission#android.permission.WRITE_SETTINGS
ADDED from src\main\AndroidManifest.xml:15:5-72
	android:name
		ADDED from src\main\AndroidManifest.xml:15:22-70
uses-permission#android.permission.READ_SETTINGS
ADDED from src\main\AndroidManifest.xml:16:5-71
	android:name
		ADDED from src\main\AndroidManifest.xml:16:22-69
uses-permission#android.permission.WRITE_EXTERNAL_STORAGE
ADDED from src\main\AndroidManifest.xml:17:5-80
MERGED from [com.squareup.leakcanary:leakcanary-android:1.5.4] AndroidManifest.xml:24:5-81
MERGED from [com.squareup.leakcanary:leakcanary-android:1.5.4] AndroidManifest.xml:24:5-81
	android:name
		ADDED from src\main\AndroidManifest.xml:17:22-78
uses-permission#android.permission.CALL_PHONE
ADDED from src\main\AndroidManifest.xml:18:5-68
	android:name
		ADDED from src\main\AndroidManifest.xml:18:22-66
uses-permission#android.permission.CAMERA
ADDED from src\main\AndroidManifest.xml:19:5-64
	android:name
		ADDED from src\main\AndroidManifest.xml:19:22-62
uses-permission#android.permission.ACCESS_WIFI_STATE
ADDED from src\main\AndroidManifest.xml:20:5-75
	android:name
		ADDED from src\main\AndroidManifest.xml:20:22-73
uses-permission#android.permission.CHANGE_WIFI_STATE
ADDED from src\main\AndroidManifest.xml:21:5-75
	android:name
		ADDED from src\main\AndroidManifest.xml:21:22-73
uses-permission#android.permission.DIAGNOSTIC
ADDED from src\main\AndroidManifest.xml:22:5-68
	android:name
		ADDED from src\main\AndroidManifest.xml:22:22-66
uses-permission#android.permission.HARDWARE_TEST
ADDED from src\main\AndroidManifest.xml:23:5-71
	android:name
		ADDED from src\main\AndroidManifest.xml:23:22-69
uses-permission#android.permission.INTERNET
ADDED from src\main\AndroidManifest.xml:24:5-66
	android:name
		ADDED from src\main\AndroidManifest.xml:24:22-64
uses-permission#android.permission.ACCESS_BLUETOOTH_SHARE
ADDED from src\main\AndroidManifest.xml:25:5-80
	android:name
		ADDED from src\main\AndroidManifest.xml:25:22-78
uses-permission#android.permission.BLUETOOTH
ADDED from src\main\AndroidManifest.xml:26:5-67
	android:name
		ADDED from src\main\AndroidManifest.xml:26:22-65
uses-permission#android.permission.BLUETOOTH_ADMIN
ADDED from src\main\AndroidManifest.xml:27:5-73
	android:name
		ADDED from src\main\AndroidManifest.xml:27:22-71
uses-permission#android.permission.VIBRATE
ADDED from src\main\AndroidManifest.xml:28:5-65
	android:name
		ADDED from src\main\AndroidManifest.xml:28:22-63
uses-permission#android.permission.DEVICE_POWER
ADDED from src\main\AndroidManifest.xml:30:5-70
	android:name
		ADDED from src\main\AndroidManifest.xml:30:22-68
uses-permission#android.permission.READ_PHONE_STATE
ADDED from src\main\AndroidManifest.xml:31:5-74
	android:name
		ADDED from src\main\AndroidManifest.xml:31:22-72
uses-permission#android.permission.RAISED_THREAD_PRIORITY
ADDED from src\main\AndroidManifest.xml:32:5-80
	android:name
		ADDED from src\main\AndroidManifest.xml:32:22-78
uses-permission#android.permission.MODIFY_AUDIO_SETTINGS
ADDED from src\main\AndroidManifest.xml:34:5-79
	android:name
		ADDED from src\main\AndroidManifest.xml:34:22-77
uses-permission#android.permission.WRITE_SECURE_SETTINGS
ADDED from src\main\AndroidManifest.xml:35:5-79
	android:name
		ADDED from src\main\AndroidManifest.xml:35:22-77
uses-permission#android.permission.READ_EXTERNAL_STORAGE
ADDED from src\main\AndroidManifest.xml:36:5-79
MERGED from [com.squareup.leakcanary:leakcanary-android:1.5.4] AndroidManifest.xml:23:5-80
MERGED from [com.squareup.leakcanary:leakcanary-android:1.5.4] AndroidManifest.xml:23:5-80
	android:name
		ADDED from src\main\AndroidManifest.xml:36:22-77
application
ADDED from src\main\AndroidManifest.xml:45:5-345:19
MERGED from [com.squareup.leakcanary:leakcanary-android:1.5.4] AndroidManifest.xml:26:5-59:19
MERGED from [com.squareup.leakcanary:leakcanary-android:1.5.4] AndroidManifest.xml:26:5-59:19
MERGED from [com.squareup.leakcanary:leakcanary-analyzer:1.5.4] AndroidManifest.xml:23:5-20
MERGED from [com.squareup.leakcanary:leakcanary-analyzer:1.5.4] AndroidManifest.xml:23:5-20
	android:label
		ADDED from src\main\AndroidManifest.xml:45:48-80
	android:icon
		ADDED from src\main\AndroidManifest.xml:45:18-47
activity#com.zte.engineer.EngineerCode
ADDED from src\main\AndroidManifest.xml:47:9-59:20
	android:screenOrientation
		ADDED from src\main\AndroidManifest.xml:49:13-49
	android:label
		ADDED from src\main\AndroidManifest.xml:48:13-45
	android:name
		ADDED from src\main\AndroidManifest.xml:47:19-47
intent-filter#android.intent.action.MAIN+android.intent.category.LAUNCHER
ADDED from src\main\AndroidManifest.xml:50:13-53:29
action#android.intent.action.MAIN
ADDED from src\main\AndroidManifest.xml:51:17-68
	android:name
		ADDED from src\main\AndroidManifest.xml:51:25-66
category#android.intent.category.LAUNCHER
ADDED from src\main\AndroidManifest.xml:52:17-76
	android:name
		ADDED from src\main\AndroidManifest.xml:52:27-74
intent-filter#android.intent.category.DEFAULT+com.zte.engineer.action.TEST_LIST
ADDED from src\main\AndroidManifest.xml:54:13-58:29
action#com.zte.engineer.action.TEST_LIST
ADDED from src\main\AndroidManifest.xml:55:17-75
	android:name
		ADDED from src\main\AndroidManifest.xml:55:25-73
category#android.intent.category.DEFAULT
ADDED from src\main\AndroidManifest.xml:57:17-75
	android:name
		ADDED from src\main\AndroidManifest.xml:57:27-73
activity#com.zte.engineer.TestPhoneActivity
ADDED from src\main\AndroidManifest.xml:60:9-63:20
	android:screenOrientation
		ADDED from src\main\AndroidManifest.xml:62:13-49
	android:name
		ADDED from src\main\AndroidManifest.xml:61:13-46
activity#com.zte.engineer.UsbMainActivity
ADDED from src\main\AndroidManifest.xml:66:9-69:20
	android:screenOrientation
		ADDED from src\main\AndroidManifest.xml:68:13-49
	android:name
		ADDED from src\main\AndroidManifest.xml:67:13-44
receiver#com.zte.engineer.BootReceiver
ADDED from src\main\AndroidManifest.xml:72:9-81:20
	android:enabled
		ADDED from src\main\AndroidManifest.xml:74:13-35
	android:label
		ADDED from src\main\AndroidManifest.xml:75:13-41
	android:name
		ADDED from src\main\AndroidManifest.xml:73:13-41
intent-filter#android.intent.category.DEFAULT+com.zte.engineer.action.LAUNCHER_TEST
ADDED from src\main\AndroidManifest.xml:76:13-80:29
action#com.zte.engineer.action.LAUNCHER_TEST
ADDED from src\main\AndroidManifest.xml:79:17-79
	android:name
		ADDED from src\main\AndroidManifest.xml:79:25-77
activity#com.zte.engineer.AutoTest
ADDED from src\main\AndroidManifest.xml:83:9-92:20
	android:screenOrientation
		ADDED from src\main\AndroidManifest.xml:86:13-49
	android:process
		ADDED from src\main\AndroidManifest.xml:85:13-48
	android:name
		ADDED from src\main\AndroidManifest.xml:84:13-37
intent-filter#android.intent.category.DEFAULT+com.zte.engineer.action.SELF_TEST
ADDED from src\main\AndroidManifest.xml:87:13-91:29
action#com.zte.engineer.action.SELF_TEST
ADDED from src\main\AndroidManifest.xml:88:17-75
	android:name
		ADDED from src\main\AndroidManifest.xml:88:25-73
activity#com.zte.engineer.MGAutoTest
ADDED from src\main\AndroidManifest.xml:93:9-102:20
	android:screenOrientation
		ADDED from src\main\AndroidManifest.xml:96:13-49
	android:process
		ADDED from src\main\AndroidManifest.xml:95:13-48
	android:name
		ADDED from src\main\AndroidManifest.xml:94:13-39
intent-filter#android.intent.category.DEFAULT+com.zte.engineer.action.MG_SELF_TEST
ADDED from src\main\AndroidManifest.xml:97:13-101:29
action#com.zte.engineer.action.MG_SELF_TEST
ADDED from src\main\AndroidManifest.xml:98:17-78
	android:name
		ADDED from src\main\AndroidManifest.xml:98:25-76
activity#com.zte.engineer.MGTestCustomiztion
ADDED from src\main\AndroidManifest.xml:103:9-112:20
	android:screenOrientation
		ADDED from src\main\AndroidManifest.xml:106:13-49
	android:process
		ADDED from src\main\AndroidManifest.xml:105:13-48
	android:name
		ADDED from src\main\AndroidManifest.xml:104:13-47
intent-filter#android.intent.category.DEFAULT+com.zte.engineer.action.MG_TEST
ADDED from src\main\AndroidManifest.xml:107:13-111:29
action#com.zte.engineer.action.MG_TEST
ADDED from src\main\AndroidManifest.xml:108:17-73
	android:name
		ADDED from src\main\AndroidManifest.xml:108:25-71
activity#com.zte.engineer.AeonAutoTest
ADDED from src\main\AndroidManifest.xml:113:9-122:20
	android:screenOrientation
		ADDED from src\main\AndroidManifest.xml:116:13-49
	android:process
		ADDED from src\main\AndroidManifest.xml:115:13-48
	android:name
		ADDED from src\main\AndroidManifest.xml:114:13-41
intent-filter#android.intent.category.DEFAULT+com.zte.engineer.action.AEON_SELF_TEST
ADDED from src\main\AndroidManifest.xml:117:13-121:29
action#com.zte.engineer.action.AEON_SELF_TEST
ADDED from src\main\AndroidManifest.xml:118:17-80
	android:name
		ADDED from src\main\AndroidManifest.xml:118:25-78
activity#com.zte.engineer.NotSupportNotification
ADDED from src\main\AndroidManifest.xml:123:9-125:51
	android:screenOrientation
		ADDED from src\main\AndroidManifest.xml:125:13-49
	android:name
		ADDED from src\main\AndroidManifest.xml:124:13-51
activity#com.zte.engineer.BatteryLog
ADDED from src\main\AndroidManifest.xml:126:9-134:20
	android:screenOrientation
		ADDED from src\main\AndroidManifest.xml:128:13-49
	android:name
		ADDED from src\main\AndroidManifest.xml:127:13-39
intent-filter#android.intent.category.DEFAULT+com.zte.engineer.action.BATTERY_LOG
ADDED from src\main\AndroidManifest.xml:129:13-133:29
action#com.zte.engineer.action.BATTERY_LOG
ADDED from src\main\AndroidManifest.xml:130:17-77
	android:name
		ADDED from src\main\AndroidManifest.xml:130:25-75
activity#com.zte.engineer.LcdTestActivity
ADDED from src\main\AndroidManifest.xml:135:9-138:20
	android:screenOrientation
		ADDED from src\main\AndroidManifest.xml:137:13-49
	android:name
		ADDED from src\main\AndroidManifest.xml:136:13-44
activity#com.zte.engineer.TestResultsShow
ADDED from src\main\AndroidManifest.xml:139:9-141:51
	android:screenOrientation
		ADDED from src\main\AndroidManifest.xml:141:13-49
	android:name
		ADDED from src\main\AndroidManifest.xml:140:13-44
activity#com.zte.engineer.TestReportActivity
ADDED from src\main\AndroidManifest.xml:144:9-147:51
	android:screenOrientation
		ADDED from src\main\AndroidManifest.xml:147:13-49
	android:launchMode
		ADDED from src\main\AndroidManifest.xml:146:13-44
	android:name
		ADDED from src\main\AndroidManifest.xml:145:13-47
activity#com.zte.engineer.TestReport
ADDED from src\main\AndroidManifest.xml:148:9-150:51
	android:screenOrientation
		ADDED from src\main\AndroidManifest.xml:150:13-49
	android:name
		ADDED from src\main\AndroidManifest.xml:149:13-39
activity#com.zte.engineer.BacklightTest
ADDED from src\main\AndroidManifest.xml:151:9-153:51
	android:screenOrientation
		ADDED from src\main\AndroidManifest.xml:153:13-49
	android:name
		ADDED from src\main\AndroidManifest.xml:152:13-42
activity#com.zte.engineer.VibratorTest
ADDED from src\main\AndroidManifest.xml:154:9-156:51
	android:screenOrientation
		ADDED from src\main\AndroidManifest.xml:156:13-49
	android:name
		ADDED from src\main\AndroidManifest.xml:155:13-41
activity#com.zte.engineer.RingerTest
ADDED from src\main\AndroidManifest.xml:157:9-159:51
	android:screenOrientation
		ADDED from src\main\AndroidManifest.xml:159:13-49
	android:name
		ADDED from src\main\AndroidManifest.xml:158:13-39
activity#com.zte.engineer.KeyTest
ADDED from src\main\AndroidManifest.xml:160:9-162:51
	android:screenOrientation
		ADDED from src\main\AndroidManifest.xml:162:13-49
	android:name
		ADDED from src\main\AndroidManifest.xml:161:13-36
activity#com.zte.engineer.LcdOffTest
ADDED from src\main\AndroidManifest.xml:163:9-165:51
	android:screenOrientation
		ADDED from src\main\AndroidManifest.xml:165:13-49
	android:name
		ADDED from src\main\AndroidManifest.xml:164:13-39
activity#com.zte.engineer.SDcardTest
ADDED from src\main\AndroidManifest.xml:166:9-168:51
	android:screenOrientation
		ADDED from src\main\AndroidManifest.xml:168:13-49
	android:name
		ADDED from src\main\AndroidManifest.xml:167:13-39
activity#com.zte.engineer.MemoryTest
ADDED from src\main\AndroidManifest.xml:169:9-171:51
	android:screenOrientation
		ADDED from src\main\AndroidManifest.xml:171:13-49
	android:name
		ADDED from src\main\AndroidManifest.xml:170:13-39
activity#com.zte.engineer.BTAddressTest
ADDED from src\main\AndroidManifest.xml:172:9-174:51
	android:screenOrientation
		ADDED from src\main\AndroidManifest.xml:174:13-49
	android:name
		ADDED from src\main\AndroidManifest.xml:173:13-42
activity#com.zte.engineer.WifiAddressTest
ADDED from src\main\AndroidManifest.xml:175:9-177:51
	android:screenOrientation
		ADDED from src\main\AndroidManifest.xml:177:13-49
	android:name
		ADDED from src\main\AndroidManifest.xml:176:13-44
activity#com.zte.engineer.AudioLoopTest
ADDED from src\main\AndroidManifest.xml:178:9-180:51
	android:screenOrientation
		ADDED from src\main\AndroidManifest.xml:180:13-49
	android:name
		ADDED from src\main\AndroidManifest.xml:179:13-42
activity#com.zte.engineer.ReciverTest
ADDED from src\main\AndroidManifest.xml:181:9-183:51
	android:screenOrientation
		ADDED from src\main\AndroidManifest.xml:183:13-49
	android:name
		ADDED from src\main\AndroidManifest.xml:182:13-40
activity#com.zte.engineer.ImeiTest
ADDED from src\main\AndroidManifest.xml:184:9-186:51
	android:screenOrientation
		ADDED from src\main\AndroidManifest.xml:186:13-49
	android:name
		ADDED from src\main\AndroidManifest.xml:185:13-37
activity#com.zte.engineer.VersionTest
ADDED from src\main\AndroidManifest.xml:187:9-190:73
	android:screenOrientation
		ADDED from src\main\AndroidManifest.xml:189:13-49
	android:theme
		ADDED from src\main\AndroidManifest.xml:190:13-71
	android:name
		ADDED from src\main\AndroidManifest.xml:188:13-40
activity#com.zte.engineer.CalibrationTest
ADDED from src\main\AndroidManifest.xml:191:9-194:51
	android:screenOrientation
		ADDED from src\main\AndroidManifest.xml:194:13-49
	android:process
		ADDED from src\main\AndroidManifest.xml:193:13-48
	android:name
		ADDED from src\main\AndroidManifest.xml:192:13-44
activity#com.zte.engineer.ImsiTest
ADDED from src\main\AndroidManifest.xml:195:9-197:51
	android:screenOrientation
		ADDED from src\main\AndroidManifest.xml:197:13-49
	android:name
		ADDED from src\main\AndroidManifest.xml:196:13-37
activity#com.zte.engineer.SensorTest
ADDED from src\main\AndroidManifest.xml:198:9-200:51
	android:screenOrientation
		ADDED from src\main\AndroidManifest.xml:200:13-49
	android:name
		ADDED from src\main\AndroidManifest.xml:199:13-39
activity#com.zte.engineer.GSensorTest
ADDED from src\main\AndroidManifest.xml:201:9-203:51
	android:screenOrientation
		ADDED from src\main\AndroidManifest.xml:203:13-49
	android:name
		ADDED from src\main\AndroidManifest.xml:202:13-40
activity#com.zte.engineer.PSensorTest
ADDED from src\main\AndroidManifest.xml:204:9-206:51
	android:screenOrientation
		ADDED from src\main\AndroidManifest.xml:206:13-49
	android:name
		ADDED from src\main\AndroidManifest.xml:205:13-40
activity#com.zte.engineer.HallTest
ADDED from src\main\AndroidManifest.xml:207:9-209:51
	android:screenOrientation
		ADDED from src\main\AndroidManifest.xml:209:13-49
	android:name
		ADDED from src\main\AndroidManifest.xml:208:13-37
activity#com.zte.engineer.WifiTest
ADDED from src\main\AndroidManifest.xml:210:9-212:51
	android:screenOrientation
		ADDED from src\main\AndroidManifest.xml:212:13-49
	android:name
		ADDED from src\main\AndroidManifest.xml:211:13-37
activity#com.zte.engineer.BlutoothTest
ADDED from src\main\AndroidManifest.xml:213:9-215:51
	android:screenOrientation
		ADDED from src\main\AndroidManifest.xml:215:13-49
	android:name
		ADDED from src\main\AndroidManifest.xml:214:13-41
activity#com.zte.engineer.FMTest
ADDED from src\main\AndroidManifest.xml:216:9-218:51
	android:screenOrientation
		ADDED from src\main\AndroidManifest.xml:218:13-49
	android:name
		ADDED from src\main\AndroidManifest.xml:217:13-35
activity#com.zte.engineer.CameraTest
ADDED from src\main\AndroidManifest.xml:219:9-221:51
	android:screenOrientation
		ADDED from src\main\AndroidManifest.xml:221:13-49
	android:name
		ADDED from src\main\AndroidManifest.xml:220:13-39
activity#com.zte.engineer.ResultList
ADDED from src\main\AndroidManifest.xml:222:9-224:51
	android:screenOrientation
		ADDED from src\main\AndroidManifest.xml:224:13-49
	android:name
		ADDED from src\main\AndroidManifest.xml:223:13-39
activity#com.zte.engineer.FlashLightTest
ADDED from src\main\AndroidManifest.xml:225:9-227:51
	android:screenOrientation
		ADDED from src\main\AndroidManifest.xml:227:13-49
	android:name
		ADDED from src\main\AndroidManifest.xml:226:13-43
activity#com.zte.engineer.DeviceInfo
ADDED from src\main\AndroidManifest.xml:228:9-230:51
	android:screenOrientation
		ADDED from src\main\AndroidManifest.xml:230:13-49
	android:name
		ADDED from src\main\AndroidManifest.xml:229:13-39
activity#com.zte.engineer.FactoryReset
ADDED from src\main\AndroidManifest.xml:231:9-233:51
	android:screenOrientation
		ADDED from src\main\AndroidManifest.xml:233:13-49
	android:name
		ADDED from src\main\AndroidManifest.xml:232:13-41
activity#com.zte.engineer.TouchScreenTest
ADDED from src\main\AndroidManifest.xml:234:9-237:73
	android:screenOrientation
		ADDED from src\main\AndroidManifest.xml:236:13-49
	android:theme
		ADDED from src\main\AndroidManifest.xml:237:13-71
	android:name
		ADDED from src\main\AndroidManifest.xml:235:13-44
activity#com.zte.engineer.AeonTouchScreenTest
ADDED from src\main\AndroidManifest.xml:238:9-240:51
	android:screenOrientation
		ADDED from src\main\AndroidManifest.xml:240:13-49
	android:name
		ADDED from src\main\AndroidManifest.xml:239:13-48
activity#com.zte.engineer.SIMTest
ADDED from src\main\AndroidManifest.xml:241:9-245:20
	android:screenOrientation
		ADDED from src\main\AndroidManifest.xml:244:13-49
	android:process
		ADDED from src\main\AndroidManifest.xml:243:13-48
	android:name
		ADDED from src\main\AndroidManifest.xml:242:13-36
activity#com.zte.engineer.EngineerCodeListView
ADDED from src\main\AndroidManifest.xml:246:9-252:20
	android:name
		ADDED from src\main\AndroidManifest.xml:246:19-55
intent-filter#android.intent.category.DEFAULT+com.zte.engineer.action.EngineerCodeListView
ADDED from src\main\AndroidManifest.xml:247:13-251:29
action#com.zte.engineer.action.EngineerCodeListView
ADDED from src\main\AndroidManifest.xml:248:17-86
	android:name
		ADDED from src\main\AndroidManifest.xml:248:25-84
activity#com.zte.engineer.ProduceInfoListView
ADDED from src\main\AndroidManifest.xml:253:9-261:20
	android:process
		ADDED from src\main\AndroidManifest.xml:255:13-48
	android:name
		ADDED from src\main\AndroidManifest.xml:254:13-48
intent-filter#android.intent.action.MAIN+android.intent.category.DEFAULT
ADDED from src\main\AndroidManifest.xml:256:13-260:29
activity#com.zte.engineer.TestFlag
ADDED from src\main\AndroidManifest.xml:262:9-268:20
	android:screenOrientation
		ADDED from src\main\AndroidManifest.xml:264:13-49
	android:name
		ADDED from src\main\AndroidManifest.xml:263:13-37
intent-filter#android.intent.category.DEFAULT
ADDED from src\main\AndroidManifest.xml:265:13-267:29
activity#com.zte.engineer.EarPhoneAudioLoopTest
ADDED from src\main\AndroidManifest.xml:269:9-275:20
	android:screenOrientation
		ADDED from src\main\AndroidManifest.xml:271:13-49
	android:name
		ADDED from src\main\AndroidManifest.xml:270:13-50
activity#com.zte.engineer.BoardCode
ADDED from src\main\AndroidManifest.xml:276:9-284:20
	android:process
		ADDED from src\main\AndroidManifest.xml:278:13-48
	android:name
		ADDED from src\main\AndroidManifest.xml:277:13-38
activity#com.zte.engineer.NetlockInfo
ADDED from src\main\AndroidManifest.xml:285:9-291:20
	android:name
		ADDED from src\main\AndroidManifest.xml:285:19-46
activity#com.zte.engineer.TestReceiveActivity
ADDED from src\main\AndroidManifest.xml:292:9-298:20
	android:name
		ADDED from src\main\AndroidManifest.xml:292:19-54
activity#com.zte.engineer.AlexWiFiTest
ADDED from src\main\AndroidManifest.xml:299:9-305:20
	android:name
		ADDED from src\main\AndroidManifest.xml:299:19-47
activity#com.zte.engineer.AlexBackCameraTest
ADDED from src\main\AndroidManifest.xml:306:9-312:20
	android:name
		ADDED from src\main\AndroidManifest.xml:306:19-53
activity#com.zte.engineer.AlexFrontCamera
ADDED from src\main\AndroidManifest.xml:313:9-319:20
	android:name
		ADDED from src\main\AndroidManifest.xml:313:19-50
activity#com.zte.engineer.GPIO
ADDED from src\main\AndroidManifest.xml:320:3-326:20
	android:name
		ADDED from src\main\AndroidManifest.xml:320:13-33
activity#com.zte.engineer.SerialPort
ADDED from src\main\AndroidManifest.xml:327:3-332:14
	android:name
		ADDED from src\main\AndroidManifest.xml:327:13-39
activity#com.zte.engineer.AlexFMTest
ADDED from src\main\AndroidManifest.xml:333:9-338:20
	android:name
		ADDED from src\main\AndroidManifest.xml:333:19-45
activity#com.zte.engineer.AlexGPSTest
ADDED from src\main\AndroidManifest.xml:339:9-344:20
	android:name
		ADDED from src\main\AndroidManifest.xml:339:19-46
service#com.squareup.leakcanary.internal.HeapAnalyzerService
ADDED from [com.squareup.leakcanary:leakcanary-android:1.5.4] AndroidManifest.xml:27:9-30:45
	android:process
		ADDED from [com.squareup.leakcanary:leakcanary-android:1.5.4] AndroidManifest.xml:30:13-42
	android:enabled
		ADDED from [com.squareup.leakcanary:leakcanary-android:1.5.4] AndroidManifest.xml:29:13-36
	android:name
		ADDED from [com.squareup.leakcanary:leakcanary-android:1.5.4] AndroidManifest.xml:28:13-80
service#com.squareup.leakcanary.DisplayLeakService
ADDED from [com.squareup.leakcanary:leakcanary-android:1.5.4] AndroidManifest.xml:31:9-34:45
	android:process
		ADDED from [com.squareup.leakcanary:leakcanary-android:1.5.4] AndroidManifest.xml:34:13-42
	android:enabled
		ADDED from [com.squareup.leakcanary:leakcanary-android:1.5.4] AndroidManifest.xml:33:13-36
	android:name
		ADDED from [com.squareup.leakcanary:leakcanary-android:1.5.4] AndroidManifest.xml:32:13-70
activity#com.squareup.leakcanary.internal.DisplayLeakActivity
ADDED from [com.squareup.leakcanary:leakcanary-android:1.5.4] AndroidManifest.xml:36:9-49:20
	android:process
		ADDED from [com.squareup.leakcanary:leakcanary-android:1.5.4] AndroidManifest.xml:41:13-42
	android:enabled
		ADDED from [com.squareup.leakcanary:leakcanary-android:1.5.4] AndroidManifest.xml:38:13-36
	android:label
		ADDED from [com.squareup.leakcanary:leakcanary-android:1.5.4] AndroidManifest.xml:40:13-71
	android:icon
		ADDED from [com.squareup.leakcanary:leakcanary-android:1.5.4] AndroidManifest.xml:39:13-54
	android:theme
		ADDED from [com.squareup.leakcanary:leakcanary-android:1.5.4] AndroidManifest.xml:43:13-63
	android:taskAffinity
		ADDED from [com.squareup.leakcanary:leakcanary-android:1.5.4] AndroidManifest.xml:42:13-76
	android:name
		ADDED from [com.squareup.leakcanary:leakcanary-android:1.5.4] AndroidManifest.xml:37:13-80
activity#com.squareup.leakcanary.internal.RequestStoragePermissionActivity
ADDED from [com.squareup.leakcanary:leakcanary-android:1.5.4] AndroidManifest.xml:50:9-58:68
	android:process
		ADDED from [com.squareup.leakcanary:leakcanary-android:1.5.4] AndroidManifest.xml:56:13-42
	android:enabled
		ADDED from [com.squareup.leakcanary:leakcanary-android:1.5.4] AndroidManifest.xml:52:13-36
	android:label
		ADDED from [com.squareup.leakcanary:leakcanary-android:1.5.4] AndroidManifest.xml:55:13-82
	android:excludeFromRecents
		ADDED from [com.squareup.leakcanary:leakcanary-android:1.5.4] AndroidManifest.xml:53:13-46
	android:icon
		ADDED from [com.squareup.leakcanary:leakcanary-android:1.5.4] AndroidManifest.xml:54:13-54
	android:theme
		ADDED from [com.squareup.leakcanary:leakcanary-android:1.5.4] AndroidManifest.xml:58:13-65
	android:taskAffinity
		ADDED from [com.squareup.leakcanary:leakcanary-android:1.5.4] AndroidManifest.xml:57:13-76
	android:name
		ADDED from [com.squareup.leakcanary:leakcanary-android:1.5.4] AndroidManifest.xml:51:13-93